2024-09-25 19:43:58:748 [TID     5840][INFO   ] ** DMVCFramework Server ** build 3.4.2-magnesium-rc2 [dmvcframework]
2024-09-25 19:43:58:779 [TID     5840][INFO   ] Initializing default dotEnv instance [dmvcframework]
2024-09-25 19:43:58:843 [TID     5840][INFO   ] dotEnv: Path = D:\Activities\mvc-active-record-sample\municipal-library-ver2\Win32\Debug [dmvcframework]
2024-09-25 19:43:58:843 [TID     5840][INFO   ] dotEnv: Active profile/s priority = [default,test,prod] (Priority: FileThenEnv) [dmvcframework]
2024-09-25 19:43:58:897 [TID     5840][INFO   ] dotEnv: Missed file D:\Activities\mvc-active-record-sample\municipal-library-ver2\Win32\Debug\.env [dmvcframework]
2024-09-25 19:43:58:897 [TID     5840][INFO   ] dotEnv: Missed file D:\Activities\mvc-active-record-sample\municipal-library-ver2\Win32\Debug\.env.test [dmvcframework]
2024-09-25 19:43:58:897 [TID     5840][INFO   ] dotEnv: Missed file D:\Activities\mvc-active-record-sample\municipal-library-ver2\Win32\Debug\.env.prod [dmvcframework]
2024-09-25 19:43:59:178 [TID     5840][INFO   ] Listening on port 8080 [dmvcframework]
2024-09-25 19:43:59:178 [TID     5840][INFO   ] Application started. Press Ctrl+C to shut down. [dmvcframework]
2024-09-25 20:32:29:272 [TID      908][INFO   ] ** DMVCFramework Server ** build 3.4.2-magnesium-rc2 [dmvcframework]
2024-09-25 20:32:29:272 [TID      908][INFO   ] Initializing default dotEnv instance [dmvcframework]
2024-09-25 20:32:29:303 [TID      908][INFO   ] dotEnv: Path = D:\Activities\mvc-active-record-sample\municipal-library-ver2\Win32\Debug [dmvcframework]
2024-09-25 20:32:29:303 [TID      908][INFO   ] dotEnv: Active profile/s priority = [default,test,prod] (Priority: FileThenEnv) [dmvcframework]
2024-09-25 20:32:29:303 [TID      908][INFO   ] dotEnv: Missed file D:\Activities\mvc-active-record-sample\municipal-library-ver2\Win32\Debug\.env [dmvcframework]
2024-09-25 20:32:29:332 [TID      908][INFO   ] dotEnv: Missed file D:\Activities\mvc-active-record-sample\municipal-library-ver2\Win32\Debug\.env.test [dmvcframework]
2024-09-25 20:32:29:348 [TID      908][INFO   ] dotEnv: Missed file D:\Activities\mvc-active-record-sample\municipal-library-ver2\Win32\Debug\.env.prod [dmvcframework]
2024-09-25 20:32:29:443 [TID      908][INFO   ] Listening on port 8080 [dmvcframework]
2024-09-25 20:32:29:443 [TID      908][INFO   ] Application started. Press Ctrl+C to shut down. [dmvcframework]
2024-09-25 20:33:20:312 [TID     2804][INFO   ] ENTER: Config default values [dmvcframework]
2024-09-25 20:33:20:316 [TID     2804][INFO   ] EXIT: Config default values [dmvcframework]
2024-09-25 20:33:20:320 [TID     2804][INFO   ] ENTER: LoadSystemControllers [dmvcframework]
2024-09-25 20:33:20:322 [TID     2804][INFO   ] EXIT: LoadSystemControllers [dmvcframework]
2024-09-25 20:33:39:537 [TID     2804][ERROR  ] [EMVCConfigException] ConnectionDefName "js_lib" not found in config file "D:\Activities\mvc-active-record-sample\municipal-library-ver2\Win32\Debug\FDConnectionDefs.ini" - or config file not present [PathInfo "GET /api/customers"] - 500 Internal Server Error (Custom message: "") [dmvcframework]
2024-09-25 20:35:10:069 [TID     5456][INFO   ] ** DMVCFramework Server ** build 3.4.2-magnesium-rc2 [dmvcframework]
2024-09-25 20:35:10:217 [TID     5456][INFO   ] Initializing default dotEnv instance [dmvcframework]
2024-09-25 20:35:10:217 [TID     5456][INFO   ] dotEnv: Path = D:\Activities\mvc-active-record-sample\municipal-library-ver2\Win32\Debug [dmvcframework]
2024-09-25 20:35:10:217 [TID     5456][INFO   ] dotEnv: Active profile/s priority = [default,test,prod] (Priority: FileThenEnv) [dmvcframework]
2024-09-25 20:35:10:217 [TID     5456][INFO   ] dotEnv: Missed file D:\Activities\mvc-active-record-sample\municipal-library-ver2\Win32\Debug\.env [dmvcframework]
2024-09-25 20:35:10:217 [TID     5456][INFO   ] dotEnv: Missed file D:\Activities\mvc-active-record-sample\municipal-library-ver2\Win32\Debug\.env.test [dmvcframework]
2024-09-25 20:35:10:217 [TID     5456][INFO   ] dotEnv: Missed file D:\Activities\mvc-active-record-sample\municipal-library-ver2\Win32\Debug\.env.prod [dmvcframework]
2024-09-25 20:35:10:817 [TID     5456][INFO   ] Listening on port 8080 [dmvcframework]
2024-09-25 20:35:10:817 [TID     5456][INFO   ] Application started. Press Ctrl+C to shut down. [dmvcframework]
2024-09-25 20:35:19:928 [TID    10148][INFO   ] ENTER: Config default values [dmvcframework]
2024-09-25 20:35:19:928 [TID    10148][INFO   ] EXIT: Config default values [dmvcframework]
2024-09-25 20:37:54:605 [TID     8064][INFO   ] ** DMVCFramework Server ** build 3.4.2-magnesium-rc2 [dmvcframework]
2024-09-25 20:37:54:605 [TID     8064][INFO   ] Initializing default dotEnv instance [dmvcframework]
2024-09-25 20:37:54:605 [TID     8064][INFO   ] dotEnv: Path = D:\Activities\mvc-active-record-sample\municipal-library-ver2\Win32\Debug [dmvcframework]
2024-09-25 20:37:54:605 [TID     8064][INFO   ] dotEnv: Active profile/s priority = [default,test,prod] (Priority: FileThenEnv) [dmvcframework]
2024-09-25 20:37:54:605 [TID     8064][INFO   ] dotEnv: Missed file D:\Activities\mvc-active-record-sample\municipal-library-ver2\Win32\Debug\.env [dmvcframework]
2024-09-25 20:37:54:642 [TID     8064][INFO   ] dotEnv: Missed file D:\Activities\mvc-active-record-sample\municipal-library-ver2\Win32\Debug\.env.test [dmvcframework]
2024-09-25 20:37:54:705 [TID     8064][INFO   ] dotEnv: Missed file D:\Activities\mvc-active-record-sample\municipal-library-ver2\Win32\Debug\.env.prod [dmvcframework]
2024-09-25 20:37:55:069 [TID     8064][INFO   ] Listening on port 8080 [dmvcframework]
2024-09-25 20:37:55:070 [TID     8064][INFO   ] Application started. Press Ctrl+C to shut down. [dmvcframework]
2024-09-25 20:38:08:358 [TID     6724][INFO   ] ENTER: Config default values [dmvcframework]
2024-09-25 20:38:08:358 [TID     6724][INFO   ] EXIT: Config default values [dmvcframework]
2024-09-25 20:38:08:358 [TID     6724][INFO   ] ENTER: LoadSystemControllers [dmvcframework]
2024-09-25 20:38:08:358 [TID     6724][INFO   ] EXIT: LoadSystemControllers [dmvcframework]
2024-09-25 20:38:31:058 [TID     6724][ERROR  ] [EMVCConfigException] ConnectionDefName "js_lib" not found in config file "D:\Activities\mvc-active-record-sample\municipal-library-ver2\Win32\Debug\FDConnectionDefs.ini" - or config file not present [PathInfo "GET /api/customers"] - 500 Internal Server Error (Custom message: "") [dmvcframework]
2024-09-25 20:39:18:297 [TID     7324][INFO   ] ** DMVCFramework Server ** build 3.4.2-magnesium-rc2 [dmvcframework]
2024-09-25 20:39:18:350 [TID     7324][INFO   ] Initializing default dotEnv instance [dmvcframework]
2024-09-25 20:39:18:350 [TID     7324][INFO   ] dotEnv: Path = D:\Activities\mvc-active-record-sample\municipal-library-ver2\Win32\Debug [dmvcframework]
2024-09-25 20:39:18:350 [TID     7324][INFO   ] dotEnv: Active profile/s priority = [default,test,prod] (Priority: FileThenEnv) [dmvcframework]
2024-09-25 20:39:18:350 [TID     7324][INFO   ] dotEnv: Missed file D:\Activities\mvc-active-record-sample\municipal-library-ver2\Win32\Debug\.env [dmvcframework]
2024-09-25 20:39:18:350 [TID     7324][INFO   ] dotEnv: Missed file D:\Activities\mvc-active-record-sample\municipal-library-ver2\Win32\Debug\.env.test [dmvcframework]
2024-09-25 20:39:18:399 [TID     7324][INFO   ] dotEnv: Missed file D:\Activities\mvc-active-record-sample\municipal-library-ver2\Win32\Debug\.env.prod [dmvcframework]
2024-09-25 20:39:18:713 [TID     7324][INFO   ] Listening on port 8080 [dmvcframework]
2024-09-25 20:39:18:713 [TID     7324][INFO   ] Application started. Press Ctrl+C to shut down. [dmvcframework]
2024-09-25 20:39:25:377 [TID     5456][INFO   ] ENTER: Config default values [dmvcframework]
2024-09-25 20:39:25:377 [TID     5456][INFO   ] EXIT: Config default values [dmvcframework]
2024-09-25 20:39:25:378 [TID     5456][INFO   ] ENTER: LoadSystemControllers [dmvcframework]
2024-09-25 20:39:25:378 [TID     5456][INFO   ] EXIT: LoadSystemControllers [dmvcframework]
2024-09-25 20:39:43:713 [TID     5456][ERROR  ] [EMVCConfigException] ConnectionDefName "js_lib" not found in config file "D:\Activities\mvc-active-record-sample\municipal-library-ver2\Win32\Debug\FDConnectionDefs.ini" - or config file not present [PathInfo "GET /api/customers"] - 500 Internal Server Error (Custom message: "") [dmvcframework]
2024-09-25 20:41:28:838 [TID    11156][INFO   ] ** DMVCFramework Server ** build 3.4.2-magnesium-rc2 [dmvcframework]
2024-09-25 20:41:28:838 [TID    11156][INFO   ] Initializing default dotEnv instance [dmvcframework]
2024-09-25 20:41:28:879 [TID    11156][INFO   ] dotEnv: Path = D:\Activities\mvc-active-record-sample\municipal-library-ver2\Win32\Debug [dmvcframework]
2024-09-25 20:41:28:879 [TID    11156][INFO   ] dotEnv: Active profile/s priority = [default,test,prod] (Priority: FileThenEnv) [dmvcframework]
2024-09-25 20:41:28:879 [TID    11156][INFO   ] dotEnv: Missed file D:\Activities\mvc-active-record-sample\municipal-library-ver2\Win32\Debug\.env [dmvcframework]
2024-09-25 20:41:28:879 [TID    11156][INFO   ] dotEnv: Missed file D:\Activities\mvc-active-record-sample\municipal-library-ver2\Win32\Debug\.env.test [dmvcframework]
2024-09-25 20:41:28:879 [TID    11156][INFO   ] dotEnv: Missed file D:\Activities\mvc-active-record-sample\municipal-library-ver2\Win32\Debug\.env.prod [dmvcframework]
2024-09-25 20:41:29:198 [TID    11156][INFO   ] Listening on port 8080 [dmvcframework]
2024-09-25 20:41:29:289 [TID    11156][INFO   ] Application started. Press Ctrl+C to shut down. [dmvcframework]
2024-09-25 20:41:47:524 [TID    10556][INFO   ] ENTER: Config default values [dmvcframework]
2024-09-25 20:41:47:525 [TID    10556][INFO   ] EXIT: Config default values [dmvcframework]
2024-09-25 20:41:47:526 [TID    10556][INFO   ] ENTER: LoadSystemControllers [dmvcframework]
2024-09-25 20:41:47:528 [TID    10556][INFO   ] EXIT: LoadSystemControllers [dmvcframework]
2024-09-25 20:45:12:623 [TID    10556][ERROR  ] [EMVCConfigException] ConnectionDefName "municipal_library" not found in config file "D:\Activities\mvc-active-record-sample\municipal-library-ver2\Win32\Debug\FDConnectionDefs.ini" - or config file not present [PathInfo "GET /api/customers"] - 500 Internal Server Error (Custom message: "") [dmvcframework]
2024-09-25 20:46:31:612 [TID     7084][INFO   ] ** DMVCFramework Server ** build 3.4.2-magnesium-rc2 [dmvcframework]
2024-09-25 20:46:31:660 [TID     7084][INFO   ] Initializing default dotEnv instance [dmvcframework]
2024-09-25 20:46:31:660 [TID     7084][INFO   ] dotEnv: Path = D:\Activities\mvc-active-record-sample\municipal-library-ver2\Win32\Debug [dmvcframework]
2024-09-25 20:46:31:660 [TID     7084][INFO   ] dotEnv: Active profile/s priority = [default,test,prod] (Priority: FileThenEnv) [dmvcframework]
2024-09-25 20:46:31:660 [TID     7084][INFO   ] dotEnv: Missed file D:\Activities\mvc-active-record-sample\municipal-library-ver2\Win32\Debug\.env [dmvcframework]
2024-09-25 20:46:31:660 [TID     7084][INFO   ] dotEnv: Missed file D:\Activities\mvc-active-record-sample\municipal-library-ver2\Win32\Debug\.env.test [dmvcframework]
2024-09-25 20:46:31:712 [TID     7084][INFO   ] dotEnv: Missed file D:\Activities\mvc-active-record-sample\municipal-library-ver2\Win32\Debug\.env.prod [dmvcframework]
2024-09-25 20:46:32:025 [TID     7084][INFO   ] Listening on port 8080 [dmvcframework]
2024-09-25 20:46:32:025 [TID     7084][INFO   ] Application started. Press Ctrl+C to shut down. [dmvcframework]
2024-09-25 20:46:37:553 [TID     5276][INFO   ] ENTER: Config default values [dmvcframework]
2024-09-25 20:46:37:553 [TID     5276][INFO   ] EXIT: Config default values [dmvcframework]
2024-09-25 20:46:37:553 [TID     5276][INFO   ] ENTER: LoadSystemControllers [dmvcframework]
2024-09-25 20:46:37:558 [TID     5276][INFO   ] EXIT: LoadSystemControllers [dmvcframework]
2024-09-25 20:47:20:189 [TID     7528][INFO   ] ** DMVCFramework Server ** build 3.4.2-magnesium-rc2 [dmvcframework]
2024-09-25 20:47:20:222 [TID     7528][INFO   ] Initializing default dotEnv instance [dmvcframework]
2024-09-25 20:47:20:222 [TID     7528][INFO   ] dotEnv: Path = D:\Activities\mvc-active-record-sample\municipal-library-ver2\Win32\Debug [dmvcframework]
2024-09-25 20:47:20:222 [TID     7528][INFO   ] dotEnv: Active profile/s priority = [default,test,prod] (Priority: FileThenEnv) [dmvcframework]
2024-09-25 20:47:20:289 [TID     7528][INFO   ] dotEnv: Missed file D:\Activities\mvc-active-record-sample\municipal-library-ver2\Win32\Debug\.env [dmvcframework]
2024-09-25 20:47:20:361 [TID     7528][INFO   ] dotEnv: Missed file D:\Activities\mvc-active-record-sample\municipal-library-ver2\Win32\Debug\.env.test [dmvcframework]
2024-09-25 20:47:20:366 [TID     7528][INFO   ] dotEnv: Missed file D:\Activities\mvc-active-record-sample\municipal-library-ver2\Win32\Debug\.env.prod [dmvcframework]
2024-09-25 20:47:20:595 [TID     7528][INFO   ] Listening on port 8080 [dmvcframework]
2024-09-25 20:47:20:596 [TID     7528][INFO   ] Application started. Press Ctrl+C to shut down. [dmvcframework]
2024-09-25 20:47:41:431 [TID    10080][INFO   ] ENTER: Config default values [dmvcframework]
2024-09-25 20:47:41:431 [TID    10080][INFO   ] EXIT: Config default values [dmvcframework]
2024-09-25 20:47:41:436 [TID    10080][INFO   ] ENTER: LoadSystemControllers [dmvcframework]
2024-09-25 20:47:41:437 [TID    10080][INFO   ] EXIT: LoadSystemControllers [dmvcframework]
2024-09-25 20:49:26:943 [TID    10080][ERROR  ] [EMVCConfigException] ConnectionDefName "municipal_library" not found in config file "D:\Activities\mvc-active-record-sample\municipal-library-ver2\Win32\Debug\FDConnectionDefs.ini" - or config file not present [PathInfo "GET /api/customers"] - 500 Internal Server Error (Custom message: "") [dmvcframework]
2024-09-25 20:49:39:073 [TID     1888][INFO   ] ** DMVCFramework Server ** build 3.4.2-magnesium-rc2 [dmvcframework]
2024-09-25 20:49:39:073 [TID     1888][INFO   ] Initializing default dotEnv instance [dmvcframework]
2024-09-25 20:49:39:073 [TID     1888][INFO   ] dotEnv: Path = D:\Activities\mvc-active-record-sample\municipal-library-ver2\Win32\Debug [dmvcframework]
2024-09-25 20:49:39:073 [TID     1888][INFO   ] dotEnv: Active profile/s priority = [default,test,prod] (Priority: FileThenEnv) [dmvcframework]
2024-09-25 20:49:39:145 [TID     1888][INFO   ] dotEnv: Missed file D:\Activities\mvc-active-record-sample\municipal-library-ver2\Win32\Debug\.env [dmvcframework]
2024-09-25 20:49:39:145 [TID     1888][INFO   ] dotEnv: Missed file D:\Activities\mvc-active-record-sample\municipal-library-ver2\Win32\Debug\.env.test [dmvcframework]
2024-09-25 20:49:39:212 [TID     1888][INFO   ] dotEnv: Missed file D:\Activities\mvc-active-record-sample\municipal-library-ver2\Win32\Debug\.env.prod [dmvcframework]
2024-09-25 20:49:39:460 [TID     1888][INFO   ] Listening on port 8080 [dmvcframework]
2024-09-25 20:49:39:479 [TID     1888][INFO   ] Application started. Press Ctrl+C to shut down. [dmvcframework]
2024-09-25 20:49:51:033 [TID     5336][INFO   ] ENTER: Config default values [dmvcframework]
2024-09-25 20:49:51:033 [TID     5336][INFO   ] EXIT: Config default values [dmvcframework]
2024-09-25 20:49:51:033 [TID     5336][INFO   ] ENTER: LoadSystemControllers [dmvcframework]
2024-09-25 20:49:51:033 [TID     5336][INFO   ] EXIT: LoadSystemControllers [dmvcframework]
2024-09-25 20:50:30:171 [TID     5336][ERROR  ] [EMVCConfigException] ConnectionDefName "municipal_library" not found in config file "D:\Activities\mvc-active-record-sample\municipal-library-ver2\Win32\Debug\FDConnectionDefs.ini" - or config file not present [PathInfo "GET /api/customers"] - 500 Internal Server Error (Custom message: "") [dmvcframework]
2024-09-25 20:50:50:143 [TID     6220][INFO   ] ** DMVCFramework Server ** build 3.4.2-magnesium-rc2 [dmvcframework]
2024-09-25 20:50:50:143 [TID     6220][INFO   ] Initializing default dotEnv instance [dmvcframework]
2024-09-25 20:50:50:193 [TID     6220][INFO   ] dotEnv: Path = D:\Activities\mvc-active-record-sample\municipal-library-ver2\Win32\Debug [dmvcframework]
2024-09-25 20:50:50:193 [TID     6220][INFO   ] dotEnv: Active profile/s priority = [default,test,prod] (Priority: FileThenEnv) [dmvcframework]
2024-09-25 20:50:50:193 [TID     6220][INFO   ] dotEnv: Missed file D:\Activities\mvc-active-record-sample\municipal-library-ver2\Win32\Debug\.env [dmvcframework]
2024-09-25 20:50:50:193 [TID     6220][INFO   ] dotEnv: Missed file D:\Activities\mvc-active-record-sample\municipal-library-ver2\Win32\Debug\.env.test [dmvcframework]
2024-09-25 20:50:50:194 [TID     6220][INFO   ] dotEnv: Missed file D:\Activities\mvc-active-record-sample\municipal-library-ver2\Win32\Debug\.env.prod [dmvcframework]
2024-09-25 20:50:50:497 [TID     6220][INFO   ] Listening on port 8080 [dmvcframework]
2024-09-25 20:50:50:598 [TID     6220][INFO   ] Application started. Press Ctrl+C to shut down. [dmvcframework]
2024-09-25 20:50:56:094 [TID    10380][INFO   ] ENTER: Config default values [dmvcframework]
2024-09-25 20:50:56:094 [TID    10380][INFO   ] EXIT: Config default values [dmvcframework]
2024-09-25 20:50:56:095 [TID    10380][INFO   ] ENTER: LoadSystemControllers [dmvcframework]
2024-09-25 20:50:56:095 [TID    10380][INFO   ] EXIT: LoadSystemControllers [dmvcframework]
2024-09-25 20:52:00:499 [TID     4812][INFO   ] ** DMVCFramework Server ** build 3.4.2-magnesium-rc2 [dmvcframework]
2024-09-25 20:52:00:537 [TID     4812][INFO   ] Initializing default dotEnv instance [dmvcframework]
2024-09-25 20:52:00:537 [TID     4812][INFO   ] dotEnv: Path = D:\Activities\mvc-active-record-sample\municipal-library-ver2\Win32\Debug [dmvcframework]
2024-09-25 20:52:00:537 [TID     4812][INFO   ] dotEnv: Active profile/s priority = [default,test,prod] (Priority: FileThenEnv) [dmvcframework]
2024-09-25 20:52:00:538 [TID     4812][INFO   ] dotEnv: Missed file D:\Activities\mvc-active-record-sample\municipal-library-ver2\Win32\Debug\.env [dmvcframework]
2024-09-25 20:52:00:538 [TID     4812][INFO   ] dotEnv: Missed file D:\Activities\mvc-active-record-sample\municipal-library-ver2\Win32\Debug\.env.test [dmvcframework]
2024-09-25 20:52:00:593 [TID     4812][INFO   ] dotEnv: Missed file D:\Activities\mvc-active-record-sample\municipal-library-ver2\Win32\Debug\.env.prod [dmvcframework]
2024-09-25 20:52:00:949 [TID     4812][INFO   ] Listening on port 8080 [dmvcframework]
2024-09-25 20:52:00:949 [TID     4812][INFO   ] Application started. Press Ctrl+C to shut down. [dmvcframework]
2024-09-25 20:52:06:481 [TID     3116][INFO   ] ENTER: Config default values [dmvcframework]
2024-09-25 20:52:06:481 [TID     3116][INFO   ] EXIT: Config default values [dmvcframework]
2024-09-25 20:52:06:483 [TID     3116][INFO   ] ENTER: LoadSystemControllers [dmvcframework]
2024-09-25 20:52:06:483 [TID     3116][INFO   ] EXIT: LoadSystemControllers [dmvcframework]
2024-09-25 20:53:32:564 [TID     3116][ERROR  ] [EMVCConfigException] ConnectionDefName "municipal_library" not found in config file "D:\Activities\mvc-active-record-sample\municipal-library-ver2\Win32\Debug\FDConnectionDefs.ini" - or config file not present [PathInfo "GET /api/customers"] - 500 Internal Server Error (Custom message: "") [dmvcframework]
2024-09-25 20:54:51:959 [TID     5660][INFO   ] ** DMVCFramework Server ** build 3.4.2-magnesium-rc2 [dmvcframework]
2024-09-25 20:54:51:975 [TID     5660][INFO   ] Initializing default dotEnv instance [dmvcframework]
2024-09-25 20:54:51:975 [TID     5660][INFO   ] dotEnv: Path = D:\Activities\mvc-active-record-sample\municipal-library-ver2\Win32\Debug [dmvcframework]
2024-09-25 20:54:51:991 [TID     5660][INFO   ] dotEnv: Active profile/s priority = [default,test,prod] (Priority: FileThenEnv) [dmvcframework]
2024-09-25 20:54:52:022 [TID     5660][INFO   ] dotEnv: Missed file D:\Activities\mvc-active-record-sample\municipal-library-ver2\Win32\Debug\.env [dmvcframework]
2024-09-25 20:54:52:022 [TID     5660][INFO   ] dotEnv: Missed file D:\Activities\mvc-active-record-sample\municipal-library-ver2\Win32\Debug\.env.test [dmvcframework]
2024-09-25 20:54:52:022 [TID     5660][INFO   ] dotEnv: Missed file D:\Activities\mvc-active-record-sample\municipal-library-ver2\Win32\Debug\.env.prod [dmvcframework]
2024-09-25 20:54:52:209 [TID     5660][INFO   ] Listening on port 8080 [dmvcframework]
2024-09-25 20:54:52:256 [TID     5660][INFO   ] Application started. Press Ctrl+C to shut down. [dmvcframework]
2024-09-25 20:55:02:122 [TID     7404][INFO   ] ENTER: Config default values [dmvcframework]
2024-09-25 20:55:02:122 [TID     7404][INFO   ] EXIT: Config default values [dmvcframework]
2024-09-25 20:55:02:122 [TID     7404][INFO   ] ENTER: LoadSystemControllers [dmvcframework]
2024-09-25 20:55:02:122 [TID     7404][INFO   ] EXIT: LoadSystemControllers [dmvcframework]
2024-09-25 20:55:16:912 [TID     7404][ERROR  ] [EListError] Duplicates not allowed [PathInfo "GET /api/customers"] - 500 Internal Server Error (Custom message: "Global Action Exception Handler") [dmvcframework]
2024-09-25 20:55:35:141 [TID     7404][ERROR  ] [EListError] Duplicates not allowed [PathInfo "GET /api/customers"] - 500 Internal Server Error (Custom message: "Global Action Exception Handler") [dmvcframework]
2024-09-25 20:57:21:444 [TID    10016][INFO   ] ** DMVCFramework Server ** build 3.4.2-magnesium-rc2 [dmvcframework]
2024-09-25 20:57:21:488 [TID    10016][INFO   ] Initializing default dotEnv instance [dmvcframework]
2024-09-25 20:57:21:489 [TID    10016][INFO   ] dotEnv: Path = D:\Activities\mvc-active-record-sample\municipal-library-ver2\Win32\Debug [dmvcframework]
2024-09-25 20:57:21:489 [TID    10016][INFO   ] dotEnv: Active profile/s priority = [default,test,prod] (Priority: FileThenEnv) [dmvcframework]
2024-09-25 20:57:21:489 [TID    10016][INFO   ] dotEnv: Missed file D:\Activities\mvc-active-record-sample\municipal-library-ver2\Win32\Debug\.env [dmvcframework]
2024-09-25 20:57:21:489 [TID    10016][INFO   ] dotEnv: Missed file D:\Activities\mvc-active-record-sample\municipal-library-ver2\Win32\Debug\.env.test [dmvcframework]
2024-09-25 20:57:21:489 [TID    10016][INFO   ] dotEnv: Missed file D:\Activities\mvc-active-record-sample\municipal-library-ver2\Win32\Debug\.env.prod [dmvcframework]
2024-09-25 20:57:21:807 [TID    10016][INFO   ] Listening on port 8080 [dmvcframework]
2024-09-25 20:57:21:875 [TID    10016][INFO   ] Application started. Press Ctrl+C to shut down. [dmvcframework]
2024-09-25 20:57:29:630 [TID     4812][INFO   ] ENTER: Config default values [dmvcframework]
2024-09-25 20:57:29:631 [TID     4812][INFO   ] EXIT: Config default values [dmvcframework]
2024-09-25 20:57:29:632 [TID     4812][INFO   ] ENTER: LoadSystemControllers [dmvcframework]
2024-09-25 20:57:29:632 [TID     4812][INFO   ] EXIT: LoadSystemControllers [dmvcframework]
2024-09-25 20:57:54:350 [TID     4812][ERROR  ] [EListError] Duplicates not allowed [PathInfo "GET /api/customers"] - 500 Internal Server Error (Custom message: "Global Action Exception Handler") [dmvcframework]
2024-09-25 20:57:56:373 [TID     4812][ERROR  ] EIdSocketError: Socket Error # 10053
Software caused connection abort. - (Custom Message: ) [dmvcframework]
2024-09-25 20:58:10:012 [TID     2828][INFO   ] ** DMVCFramework Server ** build 3.4.2-magnesium-rc2 [dmvcframework]
2024-09-25 20:58:10:012 [TID     2828][INFO   ] Initializing default dotEnv instance [dmvcframework]
2024-09-25 20:58:10:012 [TID     2828][INFO   ] dotEnv: Path = D:\Activities\mvc-active-record-sample\municipal-library-ver2\Win32\Debug [dmvcframework]
2024-09-25 20:58:10:012 [TID     2828][INFO   ] dotEnv: Active profile/s priority = [default,test,prod] (Priority: FileThenEnv) [dmvcframework]
2024-09-25 20:58:10:012 [TID     2828][INFO   ] dotEnv: Missed file D:\Activities\mvc-active-record-sample\municipal-library-ver2\Win32\Debug\.env [dmvcframework]
2024-09-25 20:58:10:012 [TID     2828][INFO   ] dotEnv: Missed file D:\Activities\mvc-active-record-sample\municipal-library-ver2\Win32\Debug\.env.test [dmvcframework]
2024-09-25 20:58:10:012 [TID     2828][INFO   ] dotEnv: Missed file D:\Activities\mvc-active-record-sample\municipal-library-ver2\Win32\Debug\.env.prod [dmvcframework]
2024-09-25 20:58:10:343 [TID     2828][INFO   ] Listening on port 8080 [dmvcframework]
2024-09-25 20:58:10:343 [TID     2828][INFO   ] Application started. Press Ctrl+C to shut down. [dmvcframework]
2024-09-25 20:58:15:155 [TID     9356][INFO   ] ENTER: Config default values [dmvcframework]
2024-09-25 20:58:15:155 [TID     9356][INFO   ] EXIT: Config default values [dmvcframework]
2024-09-25 20:58:15:156 [TID     9356][INFO   ] ENTER: LoadSystemControllers [dmvcframework]
2024-09-25 20:58:15:157 [TID     9356][INFO   ] EXIT: LoadSystemControllers [dmvcframework]
2024-09-25 20:58:21:562 [TID     9356][ERROR  ] [EListError] Duplicates not allowed [PathInfo "GET /api/customers"] - 500 Internal Server Error (Custom message: "Global Action Exception Handler") [dmvcframework]
2024-10-01 18:21:22:625 [TID     3768][INFO   ] ** DMVCFramework Server ** build 3.4.2-magnesium-rc2 [dmvcframework]
2024-10-01 18:21:22:625 [TID     3768][INFO   ] Initializing default dotEnv instance [dmvcframework]
2024-10-01 18:21:22:657 [TID     3768][INFO   ] dotEnv: Path = D:\Activities\mvc-active-record-sample\municipal-library-ver2\Win32\Debug [dmvcframework]
2024-10-01 18:21:22:657 [TID     3768][INFO   ] dotEnv: Active profile/s priority = [default,test,prod] (Priority: FileThenEnv) [dmvcframework]
2024-10-01 18:21:22:657 [TID     3768][INFO   ] dotEnv: Missed file D:\Activities\mvc-active-record-sample\municipal-library-ver2\Win32\Debug\.env [dmvcframework]
2024-10-01 18:21:22:657 [TID     3768][INFO   ] dotEnv: Missed file D:\Activities\mvc-active-record-sample\municipal-library-ver2\Win32\Debug\.env.test [dmvcframework]
2024-10-01 18:21:22:657 [TID     3768][INFO   ] dotEnv: Missed file D:\Activities\mvc-active-record-sample\municipal-library-ver2\Win32\Debug\.env.prod [dmvcframework]
2024-10-01 18:21:23:149 [TID     3768][INFO   ] Listening on port 8080 [dmvcframework]
2024-10-01 18:21:23:149 [TID     3768][INFO   ] Application started. Press Ctrl+C to shut down. [dmvcframework]
